빌드 시작: 6/7/2015 9:42:01 PM
     1>2 노드의 "E:\Programming\작\DYDGT\DYDGT\DYDGT.vcxproj" 프로젝트(Build 대상)입니다.
     1>ClCompile:
         C:\Program Files (x86)\Microsoft Visual Studio 12.0\VC\bin\CL.exe /c /ZI /nologo /W3 /WX- /sdl /Od /Oy- /D WIN32 /D _DEBUG /D _WINDOWS /D _UNICODE /D UNICODE /Gm /EHsc /RTC1 /MDd /GS /fp:precise /Zc:wchar_t /Zc:forScope /Fo"Debug\\" /Fd"Debug\vc120.pdb" /Gd /TP /analyze- /errorReport:prompt CameraClass.cpp GraphicsClass.cpp Main.cpp MeshObject.cpp SceneGame.cpp SystetmClass.cpp
         SceneGame.cpp
     1>e:\programming\작\dydgt\dydgt\sceneunity.h(29): warning C4018: '<' : signed 또는 unsigned가 일치하지 않습니다.
     1>e:\programming\작\dydgt\dydgt\sceneunity.h(36): warning C4018: '<' : signed 또는 unsigned가 일치하지 않습니다.
     1>e:\programming\작\dydgt\dydgt\sceneunity.h(60): warning C4018: '<' : signed 또는 unsigned가 일치하지 않습니다.
     1>e:\programming\작\dydgt\dydgt\sceneunity.h(66): warning C4018: '<' : signed 또는 unsigned가 일치하지 않습니다.
     1>e:\programming\작\dydgt\dydgt\scenegame.cpp(33): warning C4316: 'MeshObject': 힙에 할당된 개체가 16에 맞추어져 있지 않을 수도 있습니다
     1>e:\programming\작\dydgt\dydgt\scenegame.cpp(34): warning C4305: '인수' : 'double'에서 'float'(으)로 잘립니다.
     1>e:\programming\작\dydgt\dydgt\scenegame.cpp(35): warning C4316: 'MeshObject': 힙에 할당된 개체가 16에 맞추어져 있지 않을 수도 있습니다
     1>e:\programming\작\dydgt\dydgt\scenegame.cpp(36): warning C4305: '인수' : 'double'에서 'float'(으)로 잘립니다.
     1>e:\programming\작\dydgt\dydgt\scenegame.cpp(37): warning C4316: 'MeshObject': 힙에 할당된 개체가 16에 맞추어져 있지 않을 수도 있습니다
     1>e:\programming\작\dydgt\dydgt\scenegame.cpp(38): warning C4305: '인수' : 'double'에서 'float'(으)로 잘립니다.
     1>e:\programming\작\dydgt\dydgt\scenegame.cpp(40): warning C4316: 'MeshObject': 힙에 할당된 개체가 16에 맞추어져 있지 않을 수도 있습니다
     1>e:\programming\작\dydgt\dydgt\scenegame.cpp(43): warning C4316: 'MeshObject': 힙에 할당된 개체가 16에 맞추어져 있지 않을 수도 있습니다
     1>e:\programming\작\dydgt\dydgt\scenegame.cpp(81): warning C4305: '인수' : 'double'에서 'float'(으)로 잘립니다.
     1>e:\programming\작\dydgt\dydgt\scenegame.cpp(82): warning C4305: '인수' : 'double'에서 'float'(으)로 잘립니다.
     1>e:\programming\작\dydgt\dydgt\scenegame.cpp(83): warning C4305: '인수' : 'double'에서 'float'(으)로 잘립니다.
         코드를 생성하고 있습니다...
         컴파일하고 있습니다...
         SystetmClass.cpp
     1>e:\programming\작\dydgt\dydgt\sceneunity.h(29): warning C4018: '<' : signed 또는 unsigned가 일치하지 않습니다.
     1>e:\programming\작\dydgt\dydgt\sceneunity.h(36): warning C4018: '<' : signed 또는 unsigned가 일치하지 않습니다.
     1>e:\programming\작\dydgt\dydgt\sceneunity.h(60): warning C4018: '<' : signed 또는 unsigned가 일치하지 않습니다.
     1>e:\programming\작\dydgt\dydgt\sceneunity.h(66): warning C4018: '<' : signed 또는 unsigned가 일치하지 않습니다.
         Main.cpp
     1>e:\programming\작\dydgt\dydgt\sceneunity.h(29): warning C4018: '<' : signed 또는 unsigned가 일치하지 않습니다.
     1>e:\programming\작\dydgt\dydgt\sceneunity.h(36): warning C4018: '<' : signed 또는 unsigned가 일치하지 않습니다.
     1>e:\programming\작\dydgt\dydgt\sceneunity.h(60): warning C4018: '<' : signed 또는 unsigned가 일치하지 않습니다.
     1>e:\programming\작\dydgt\dydgt\sceneunity.h(66): warning C4018: '<' : signed 또는 unsigned가 일치하지 않습니다.
         GraphicsClass.cpp
     1>e:\programming\작\dydgt\dydgt\sceneunity.h(29): warning C4018: '<' : signed 또는 unsigned가 일치하지 않습니다.
     1>e:\programming\작\dydgt\dydgt\sceneunity.h(36): warning C4018: '<' : signed 또는 unsigned가 일치하지 않습니다.
     1>e:\programming\작\dydgt\dydgt\sceneunity.h(60): warning C4018: '<' : signed 또는 unsigned가 일치하지 않습니다.
     1>e:\programming\작\dydgt\dydgt\sceneunity.h(66): warning C4018: '<' : signed 또는 unsigned가 일치하지 않습니다.
         코드를 생성하고 있습니다...
         건너뛰고 있습니다... (관련된 변경 내용 없음)
         MeshObject.cpp
         CameraClass.cpp
       Link:
         C:\Program Files (x86)\Microsoft Visual Studio 12.0\VC\bin\link.exe /ERRORREPORT:PROMPT /OUT:"E:\Programming\작\DYDGT\Debug\DYDGT.exe" /INCREMENTAL /NOLOGO d3dx9.lib d3d9.lib kernel32.lib user32.lib gdi32.lib winspool.lib comdlg32.lib advapi32.lib shell32.lib ole32.lib oleaut32.lib uuid.lib odbc32.lib odbccp32.lib /MANIFEST /MANIFESTUAC:"level='asInvoker' uiAccess='false'" /manifest:embed /DEBUG /PDB:"E:\Programming\작\DYDGT\Debug\DYDGT.pdb" /SUBSYSTEM:WINDOWS /TLBID:1 /DYNAMICBASE /NXCOMPAT /IMPLIB:"E:\Programming\작\DYDGT\Debug\DYDGT.lib" /MACHINE:X86 Debug\DYDGT.res
         Debug\CameraClass.obj
         Debug\DXClass.obj
         Debug\GraphicsClass.obj
         Debug\InputClass.obj
         Debug\LightClass.obj
         Debug\Main.obj
         Debug\MeshObject.obj
         Debug\ResourceClass.obj
         Debug\SceneGame.obj
         Debug\SpriteObject.obj
         Debug\SystetmClass.obj
         Debug\TimerClass.obj
         DYDGT.vcxproj -> E:\Programming\작\DYDGT\Debug\DYDGT.exe
     1>"E:\Programming\작\DYDGT\DYDGT\DYDGT.vcxproj" 프로젝트를 빌드했습니다(Build 대상).

빌드했습니다.

경과 시간: 00:00:08.00
