Build started 2015-06-26 오전 10:53:38.
     1>Project "C:\Users\smart\Documents\GitHub\Lunatic-Shoot\DYDGT\DYDGT.vcxproj" on node 2 (Build target(s)).
     1>ClCompile:
         C:\Program Files (x86)\Microsoft Visual Studio 12.0\VC\bin\CL.exe /c /ZI /nologo /W3 /WX- /sdl /Od /Oy- /D WIN32 /D _DEBUG /D _WINDOWS /D _UNICODE /D UNICODE /Gm /EHsc /RTC1 /MDd /GS /fp:precise /Zc:wchar_t /Zc:forScope /Fo"Debug\\" /Fd"Debug\vc120.pdb" /Gd /TP /analyze- /errorReport:prompt DXClass.cpp
         DXClass.cpp
     1>c:\users\smart\documents\github\lunatic-shoot\dydgt\dxclass.cpp(52): warning C4305: 'return' : truncation from 'HRESULT' to 'bool'
       Link:
         C:\Program Files (x86)\Microsoft Visual Studio 12.0\VC\bin\link.exe /ERRORREPORT:PROMPT /OUT:"C:\Users\smart\Documents\GitHub\Lunatic-Shoot\Debug\DYDGT.exe" /INCREMENTAL /NOLOGO d3dx9.lib d3d9.lib kernel32.lib user32.lib gdi32.lib winspool.lib comdlg32.lib advapi32.lib shell32.lib ole32.lib oleaut32.lib uuid.lib odbc32.lib odbccp32.lib /MANIFEST /MANIFESTUAC:"level='asInvoker' uiAccess='false'" /manifest:embed /DEBUG /PDB:"C:\Users\smart\Documents\GitHub\Lunatic-Shoot\Debug\DYDGT.pdb" /SUBSYSTEM:WINDOWS /TLBID:1 /DYNAMICBASE /NXCOMPAT /IMPLIB:"C:\Users\smart\Documents\GitHub\Lunatic-Shoot\Debug\DYDGT.lib" /MACHINE:X86 Debug\DYDGT.res
         Debug\CameraClass.obj
         Debug\DXClass.obj
         Debug\GraphicsClass.obj
         Debug\InputClass.obj
         Debug\LightClass.obj
         Debug\Main.obj
         Debug\MeshObject.obj
         Debug\ResourceClass.obj
         Debug\SceneGame.obj
         Debug\SpriteObject.obj
         Debug\SystetmClass.obj
         Debug\TimerClass.obj
         DYDGT.vcxproj -> C:\Users\smart\Documents\GitHub\Lunatic-Shoot\Debug\DYDGT.exe
     1>Done Building Project "C:\Users\smart\Documents\GitHub\Lunatic-Shoot\DYDGT\DYDGT.vcxproj" (Build target(s)).

Build succeeded.

Time Elapsed 00:00:01.32
